<?xml version="1.0" encoding="UTF-8"?>
<testng-results skipped="0" failed="1" ignored="0" total="1" passed="0">
  <reporter-output>
  </reporter-output>
  <suite name="Default suite" duration-ms="40026" started-at="2020-12-11T11:50:03 IST" finished-at="2020-12-11T11:50:43 IST">
    <groups>
    </groups>
    <test name="Default test" duration-ms="40026" started-at="2020-12-11T11:50:03 IST" finished-at="2020-12-11T11:50:43 IST">
      <class name="testRCM.CareerSiteCandidatePortal">
        <test-method status="PASS" signature="startBrowser()[pri:0, instance:testRCM.CareerSiteCandidatePortal@131ef10]" name="startBrowser" is-config="true" duration-ms="5203" started-at="2020-12-11T11:49:58 IST" finished-at="2020-12-11T11:50:03 IST">
          <reporter-output>
          </reporter-output>
        </test-method> <!-- startBrowser -->
        <test-method status="FAIL" signature="UK_CareerSite_For_ExternalPosting()[pri:0, instance:testRCM.CareerSiteCandidatePortal@131ef10]" name="UK_CareerSite_For_ExternalPosting" duration-ms="39971" started-at="2020-12-11T11:50:03 IST" finished-at="2020-12-11T11:50:43 IST">
          <exception class="java.io.FileNotFoundException">
            <message>
              <![CDATA[C:\Users\CSWARNES\Desktop\MYHFSUS\Excel\My Hire Data.xlsx (The process cannot access the file because it is being used by another process)]]>
            </message>
            <full-stacktrace>
              <![CDATA[java.io.FileNotFoundException: C:\Users\CSWARNES\Desktop\MYHFSUS\Excel\My Hire Data.xlsx (The process cannot access the file because it is being used by another process)
at java.io.FileOutputStream.open0(Native Method)
at java.io.FileOutputStream.open(Unknown Source)
at java.io.FileOutputStream.<init>(Unknown Source)
at java.io.FileOutputStream.<init>(Unknown Source)
at com.BasePages.ConfigExcel1.writeDataIntoSh(ConfigExcel1.java:71)
at com.candidateportal.CareerSite.CreateNew_account(CareerSite.java:119)
at testRCM.CareerSiteCandidatePortal.UK_CareerSite_For_ExternalPosting(CareerSiteCandidatePortal.java:28)
at sun.reflect.NativeMethodAccessorImpl.invoke0(Native Method)
at sun.reflect.NativeMethodAccessorImpl.invoke(Unknown Source)
at sun.reflect.DelegatingMethodAccessorImpl.invoke(Unknown Source)
at java.lang.reflect.Method.invoke(Unknown Source)
at org.testng.internal.MethodInvocationHelper.invokeMethod(MethodInvocationHelper.java:132)
at org.testng.internal.TestInvoker.invokeMethod(TestInvoker.java:599)
at org.testng.internal.TestInvoker.invokeTestMethod(TestInvoker.java:174)
at org.testng.internal.MethodRunner.runInSequence(MethodRunner.java:46)
at org.testng.internal.TestInvoker$MethodInvocationAgent.invoke(TestInvoker.java:822)
at org.testng.internal.TestInvoker.invokeTestMethods(TestInvoker.java:147)
at org.testng.internal.TestMethodWorker.invokeTestMethods(TestMethodWorker.java:146)
at org.testng.internal.TestMethodWorker.run(TestMethodWorker.java:128)
at java.util.ArrayList.forEach(Unknown Source)
at org.testng.TestRunner.privateRun(TestRunner.java:764)
at org.testng.TestRunner.run(TestRunner.java:585)
at org.testng.SuiteRunner.runTest(SuiteRunner.java:384)
at org.testng.SuiteRunner.runSequentially(SuiteRunner.java:378)
at org.testng.SuiteRunner.privateRun(SuiteRunner.java:337)
at org.testng.SuiteRunner.run(SuiteRunner.java:286)
at org.testng.SuiteRunnerWorker.runSuite(SuiteRunnerWorker.java:53)
at org.testng.SuiteRunnerWorker.run(SuiteRunnerWorker.java:96)
at org.testng.TestNG.runSuitesSequentially(TestNG.java:1218)
at org.testng.TestNG.runSuitesLocally(TestNG.java:1140)
at org.testng.TestNG.runSuites(TestNG.java:1069)
at org.testng.TestNG.run(TestNG.java:1037)
at org.testng.remote.AbstractRemoteTestNG.run(AbstractRemoteTestNG.java:115)
at org.testng.remote.RemoteTestNG.initAndRun(RemoteTestNG.java:251)
at org.testng.remote.RemoteTestNG.main(RemoteTestNG.java:77)
]]>
            </full-stacktrace>
          </exception> <!-- java.io.FileNotFoundException -->
          <reporter-output>
          </reporter-output>
        </test-method> <!-- UK_CareerSite_For_ExternalPosting -->
      </class> <!-- testRCM.CareerSiteCandidatePortal -->
    </test> <!-- Default test -->
  </suite> <!-- Default suite -->
</testng-results>
